<?xml version="1.0" encoding="UTF-8"?>
<testsuite name="com.prw.association.agds.AGDSTest" tests="5" skipped="0" failures="0" errors="0" timestamp="2019-05-26T00:24:09" hostname="PRW-Aspire-VN7-591G" time="0.06">
  <properties/>
  <testcase name="removeObject" classname="com.prw.association.agds.AGDSTest" time="0.001"/>
  <testcase name="findSimilarToObject" classname="com.prw.association.agds.AGDSTest" time="0.039"/>
  <testcase name="findSimilarToInputData" classname="com.prw.association.agds.AGDSTest" time="0.004"/>
  <testcase name="classify" classname="com.prw.association.agds.AGDSTest" time="0.011"/>
  <testcase name="addObjectIris" classname="com.prw.association.agds.AGDSTest" time="0.005"/>
  <system-out><![CDATA[]]></system-out>
  <system-err><![CDATA[]]></system-err>
</testsuite>
