<?xml version="1.0" encoding="UTF-8"?>
<testsuite name="com.prw.association.agds.AGDSTest" tests="7" skipped="0" failures="0" errors="0" timestamp="2019-06-19T22:06:57" hostname="PRW-Aspire-VN7-591G" time="0.095">
  <properties/>
  <testcase name="removeObject" classname="com.prw.association.agds.AGDSTest" time="0.063"/>
  <testcase name="findSimilarToObject" classname="com.prw.association.agds.AGDSTest" time="0.005"/>
  <testcase name="findSimilarToObjectR1" classname="com.prw.association.agds.AGDSTest" time="0.006"/>
  <testcase name="findSimilarToInputData" classname="com.prw.association.agds.AGDSTest" time="0.003"/>
  <testcase name="classify" classname="com.prw.association.agds.AGDSTest" time="0.008"/>
  <testcase name="addObjectIris" classname="com.prw.association.agds.AGDSTest" time="0.004"/>
  <testcase name="findSimilarToInputDataR1" classname="com.prw.association.agds.AGDSTest" time="0.004"/>
  <system-out><![CDATA[[(0.0, ObjectNode(values=[6.8, 2.8, 4.8, 1.4, Iris-versicolor] | similarity=0.0)), (0.22360706, ObjectNode(values=[6.5, 2.8, 4.6, 1.5, Iris-versicolor] | similarity=0.0)), (0.24494928, ObjectNode(values=[6.6, 2.9, 4.6, 1.3, Iris-versicolor] | similarity=0.0))]]]></system-out>
  <system-err><![CDATA[]]></system-err>
</testsuite>
